Add Component: Footprint Not Found RESC2212X50N
Add Component: Footprint Not Found SPKR_PKLCS1212E40A1-R1
Add Pin To Net: Unknown Pin: Pin B502-1
Add Pin To Net: Unknown Pin: Pin B502-2
Added Pin To Net: NetName=3V3 Pin=C809-2
Add Pin To Net: Unknown Pin: Pin J901-3
Add Pin To Net: Unknown Pin: Pin J901-4
Add Pin To Net: Unknown Pin: Pin J901-5
Add Pin To Net: Unknown Pin: Pin J901-6
Add Pin To Net: Unknown Pin: Pin J901-7
Add Pin To Net: Unknown Pin: Pin J901-8
Add Pin To Net: Unknown Pin: Pin J901-11
Add Pin To Net: Unknown Pin: Pin J901-12
Add Pin To Net: Unknown Pin: Pin J901-13
Add Pin To Net: Unknown Pin: Pin J901-14
Add Pin To Net: Unknown Pin: Pin J901-15
Add Pin To Net: Unknown Pin: Pin J901-16
Add Pin To Net: Unknown Pin: Pin LS400-N
Add Pin To Net: Unknown Pin: Pin LS400-P
Added Pin To Net: NetName=3V3 Pin=U800-26
Add Class Member: Failed to add class member : Component B502 NB12K00103JBB
Add Class Member: Failed to add class member : Component J901 825433-8
Add Class Member: Failed to add class member : Component LS400 PKLCS1212E40A1-R1
