Change Component Designator: Old Designator=B? New Designator=B300
Change Component Designator: Old Designator=B? New Designator=B301
Change Component Designator: Old Designator=B? New Designator=B302
Change Component Designator: Old Designator=B? New Designator=B303
Change Component Designator: Old Designator=C? New Designator=C300
Change Component Designator: Old Designator=C? New Designator=C301
Change Component Designator: Old Designator=C? New Designator=C302
Change Component Designator: Old Designator=C? New Designator=C303
Change Component Designator: Old Designator=C? New Designator=C304
Change Component Designator: Old Designator=C? New Designator=C305
Change Component Designator: Old Designator=D? New Designator=D300
Change Component Designator: Old Designator=DARR? New Designator=DARR300
Change Component Designator: Old Designator=DARR? New Designator=DARR301
Change Component Designator: Old Designator=DARR? New Designator=DARR302
Change Component Designator: Old Designator=J? New Designator=J300
Change Component Designator: Old Designator=J? New Designator=J301
Change Component Designator: Old Designator=Q? New Designator=Q300
Change Component Designator: Old Designator=Q? New Designator=Q301
Change Component Designator: Old Designator=Q? New Designator=Q302
Change Component Designator: Old Designator=R? New Designator=R300
Change Component Designator: Old Designator=R? New Designator=R301
Change Component Designator: Old Designator=R? New Designator=R302
Change Component Designator: Old Designator=R? New Designator=R303
Change Component Designator: Old Designator=U? New Designator=U300
Change Component Designator: Old Designator=U? New Designator=U301
Change Component Designator: Old Designator=U? New Designator=U302
